#
# There is insufficient memory for the Java Runtime Environment to continue.
# Native memory allocation (malloc) failed to allocate 1048576 bytes for AllocateHeap
# Possible reasons:
#   The system is out of physical RAM or swap space
#   In 32 bit mode, the process size limit was hit
# Possible solutions:
#   Reduce memory load on the system
#   Increase physical memory or swap space
#   Check if swap backing store is full
#   Use 64 bit Java on a 64 bit OS
#   Decrease Java heap size (-Xmx/-Xms)
#   Decrease number of Java threads
#   Decrease Java thread stack sizes (-Xss)
#   Set larger code cache with -XX:ReservedCodeCacheSize=
# This output file may be truncated or incomplete.
#
#  Out of Memory Error (memory/allocation.inline.hpp:61), pid=9632, tid=0x0000000000000d00
#
# JRE version:  (8.0_101-b13) (build )
# Java VM: Java HotSpot(TM) 64-Bit Server VM (25.101-b13 mixed mode windows-amd64 compressed oops)
# Failed to write core dump. Minidumps are not enabled by default on client versions of Windows
#

---------------  T H R E A D  ---------------

Current thread (0x0000000001e4e000):  JavaThread "Unknown thread" [_thread_in_vm, id=3328, stack(0x0000000001ca0000,0x0000000001da0000)]

Stack: [0x0000000001ca0000,0x0000000001da0000]
[error occurred during error reporting (printing stack bounds), id 0xc0000005]

Native frames: (J=compiled Java code, j=interpreted, Vv=VM code, C=native code)


---------------  P R O C E S S  ---------------

Java Threads: ( => current thread )

Other Threads:

=>0x0000000001e4e000 (exited) JavaThread "Unknown thread" [_thread_in_vm, id=3328, stack(0x0000000001ca0000,0x0000000001da0000)]

VM state:not at safepoint (normal execution)

VM Mutex/Monitor currently owned by a thread: None

Heap:
 PSYoungGen      total 38400K, used 665K [0x00000000d5d00000, 0x00000000d8780000, 0x0000000100000000)
  eden space 33280K, 2% used [0x00000000d5d00000,0x00000000d5da6670,0x00000000d7d80000)
  from space 5120K, 0% used [0x00000000d8280000,0x00000000d8280000,0x00000000d8780000)
  to   space 5120K, 0% used [0x00000000d7d80000,0x00000000d7d80000,0x00000000d8280000)
 ParOldGen       total 87552K, used 0K [0x0000000081600000, 0x0000000086b80000, 0x00000000d5d00000)
  object space 87552K, 0% used [0x0000000081600000,0x0000000081600000,0x0000000086b80000)
 Metaspace       used 746K, capacity 4480K, committed 4480K, reserved 1056768K
  class space    used 75K, capacity 384K, committed 384K, reserved 1048576K

Card table byte_map: [0x0000000011310000,0x0000000011710000] byte_map_base: 0x0000000010f05000

Marking Bits: (ParMarkBitMap*) 0x000000005191a6d0
 Begin Bits: [0x0000000011dc0000, 0x0000000013d68000)
 End Bits:   [0x0000000013d68000, 0x0000000015d10000)

Polling page: 0x0000000000450000

CodeCache: size=245760Kb used=328Kb max_used=328Kb free=245431Kb
 bounds [0x0000000001f50000, 0x00000000021c0000, 0x0000000010f50000]
 total_blobs=58 nmethods=0 adapters=38
 compilation: enabled

Compilation events (0 events):
No events

GC Heap History (0 events):
No events

Deoptimization events (0 events):
No events

Internal exceptions (0 events):
No events

Events (10 events):
Event: 0.020 loading class java/lang/Short
Event: 0.020 loading class java/lang/Short done
Event: 0.020 loading class java/lang/Integer
Event: 0.021 loading class java/lang/Integer done
Event: 0.021 loading class java/lang/Long
Event: 0.021 loading class java/lang/Long done
Event: 0.021 loading class java/lang/NullPointerException
Event: 0.021 loading class java/lang/NullPointerException done
Event: 0.021 loading class java/lang/ArithmeticException
Event: 0.021 loading class java/lang/ArithmeticException done


Dynamic libraries:
0x00007ff6faac0000 - 0x00007ff6faaf7000 	C:\Program Files\Java\jre1.8.0_101\bin\javaw.exe
0x00007ffa9a630000 - 0x00007ffa9a7dd000 	C:\windows\SYSTEM32\ntdll.dll
0x00007ffa986e0000 - 0x00007ffa9881e000 	C:\windows\system32\KERNEL32.DLL
0x00007ffa97b90000 - 0x00007ffa97ca5000 	C:\windows\system32\KERNELBASE.dll
0x00007ffa96210000 - 0x00007ffa9629e000 	C:\windows\system32\apphelp.dll
0x00007ffa8bf30000 - 0x00007ffa8bf83000 	C:\windows\AppPatch\AppPatch64\AcGenral.DLL
0x00007ffa98d80000 - 0x00007ffa98e2a000 	C:\windows\system32\msvcrt.dll
0x00007ffa97b60000 - 0x00007ffa97b8e000 	C:\windows\system32\SspiCli.dll
0x00007ffa983a0000 - 0x00007ffa983f4000 	C:\windows\system32\SHLWAPI.dll
0x00007ffa98e30000 - 0x00007ffa98fa7000 	C:\windows\system32\USER32.dll
0x00007ffa98820000 - 0x00007ffa989b4000 	C:\windows\system32\ole32.dll
0x00007ffa99100000 - 0x00007ffa9a628000 	C:\windows\system32\SHELL32.dll
0x00007ffa96d20000 - 0x00007ffa96d41000 	C:\windows\SYSTEM32\USERENV.dll
0x00007ffa98c10000 - 0x00007ffa98cba000 	C:\windows\system32\ADVAPI32.dll
0x00007ffa8c940000 - 0x00007ffa8c95e000 	C:\windows\SYSTEM32\MPR.dll
0x00007ffa98110000 - 0x00007ffa98250000 	C:\windows\system32\RPCRT4.dll
0x00007ffa98680000 - 0x00007ffa986d9000 	C:\windows\SYSTEM32\sechost.dll
0x00007ffa97e90000 - 0x00007ffa980a1000 	C:\windows\SYSTEM32\combase.dll
0x00007ffa98250000 - 0x00007ffa9839f000 	C:\windows\system32\GDI32.dll
0x00007ffa97750000 - 0x00007ffa97765000 	C:\windows\SYSTEM32\profapi.dll
0x00007ffa945e0000 - 0x00007ffa94692000 	C:\windows\SYSTEM32\SHCORE.dll
0x00007ffa98400000 - 0x00007ffa98436000 	C:\windows\system32\IMM32.DLL
0x00007ffa989e0000 - 0x00007ffa98b32000 	C:\windows\system32\MSCTF.dll
0x00007ffa94160000 - 0x00007ffa943da000 	C:\windows\WinSxS\amd64_microsoft.windows.common-controls_6595b64144ccf1df_6.0.9600.17810_none_6240b9c7ecbd0bda\COMCTL32.dll
0x0000000051c40000 - 0x0000000051d12000 	C:\Program Files\Java\jre1.8.0_101\bin\msvcr100.dll
0x0000000051100000 - 0x000000005199a000 	C:\Program Files\Java\jre1.8.0_101\bin\server\jvm.dll
0x00007ffa8dab0000 - 0x00007ffa8dab9000 	C:\windows\SYSTEM32\WSOCK32.dll
0x00007ffa92f10000 - 0x00007ffa92f32000 	C:\windows\SYSTEM32\WINMM.dll
0x00007ffa969f0000 - 0x00007ffa969fa000 	C:\windows\SYSTEM32\VERSION.dll
0x00007ffa990e0000 - 0x00007ffa990e7000 	C:\windows\system32\PSAPI.DLL
0x00007ffa980b0000 - 0x00007ffa9810a000 	C:\windows\system32\WS2_32.dll
0x00007ffa92ee0000 - 0x00007ffa92f0a000 	C:\windows\SYSTEM32\WINMMBASE.dll
0x00007ffa989d0000 - 0x00007ffa989d9000 	C:\windows\system32\NSI.dll
0x00007ffa97b10000 - 0x00007ffa97b5f000 	C:\windows\SYSTEM32\cfgmgr32.dll
0x00007ffa96490000 - 0x00007ffa964b8000 	C:\windows\SYSTEM32\DEVOBJ.dll
0x0000000051de0000 - 0x0000000051def000 	C:\Program Files\Java\jre1.8.0_101\bin\verify.dll
0x0000000051db0000 - 0x0000000051dd9000 	C:\Program Files\Java\jre1.8.0_101\bin\java.dll
0x0000000051d90000 - 0x0000000051da6000 	C:\Program Files\Java\jre1.8.0_101\bin\zip.dll

VM Arguments:
jvm_args: -Dfile.encoding=Cp1252 
java_command: Main
java_class_path (initial): C:\Users\Arthur Henrique\workspace\t1-seguranca\bin
Launcher Type: SUN_STANDARD

Environment Variables:
JAVA_HOME=C:\Program Files (x86)\Java\jdk1.8.0_91
CLASSPATH=C:\Program Files (x86)\Java\jdk1.8.0_91\lib;.;
USERNAME=Arthur Henrique
OS=Windows_NT
PROCESSOR_IDENTIFIER=Intel64 Family 6 Model 60 Stepping 3, GenuineIntel



---------------  S Y S T E M  ---------------

OS: Windows 8.1 , 64 bit Build 9600 (6.3.9600.17415)

CPU:total 4 (4 cores per cpu, 1 threads per core) family 6 model 60 stepping 3, cmov, cx8, fxsr, mmx, sse, sse2, sse3, ssse3, sse4.1, sse4.2, popcnt, avx, avx2, aes, clmul, erms, rtm, lzcnt, tsc, tscinvbit, bmi1, bmi2

Memory: 4k page, physical 8298036k(1356056k free), swap 12492340k(5672k free)

vm_info: Java HotSpot(TM) 64-Bit Server VM (25.101-b13) for windows-amd64 JRE (1.8.0_101-b13), built on Jun 22 2016 01:21:29 by "java_re" with MS VC++ 10.0 (VS2010)

time: Tue Mar 21 18:23:03 2017
elapsed time: 0 seconds (0d 0h 0m 0s)

